<?xml version="1.0" encoding="UTF-8"?>
<testng-results skipped="0" failed="0" ignored="0" total="1" passed="1">
  <reporter-output>
  </reporter-output>
  <suite name="Default suite" duration-ms="28713" started-at="2020-02-02T20:59:59 EST" finished-at="2020-02-02T21:00:28 EST">
    <groups>
    </groups>
    <test name="Default test" duration-ms="28713" started-at="2020-02-02T20:59:59 EST" finished-at="2020-02-02T21:00:28 EST">
      <class name="com.usa.login.functions.ExcelandTestNGDatapProviderLogin">
        <test-method status="PASS" signature="loginTest(java.lang.String, java.lang.String)[pri:0, instance:com.usa.login.functions.ExcelandTestNGDatapProviderLogin@25a65b77]" name="loginTest" duration-ms="28051" started-at="2020-02-02T21:00:00 EST" data-provider="getExcelTestData" finished-at="2020-02-02T21:00:28 EST">
          <params>
            <param index="0">
              <value>
                <![CDATA[alammohammed79@gmail.com]]>
              </value>
            </param>
            <param index="1">
              <value>
                <![CDATA[SAYEDawan2008@]]>
              </value>
            </param>
          </params>
          <reporter-output>
          </reporter-output>
        </test-method> <!-- loginTest -->
      </class> <!-- com.usa.login.functions.ExcelandTestNGDatapProviderLogin -->
    </test> <!-- Default test -->
  </suite> <!-- Default suite -->
</testng-results>
